Build started 2015/1/13 22:39:16.
     1>Project "E:\KMP\KMP\KMP.vcxproj" on node 2 (build target(s)).
     1>InitializeBuildStatus:
         Touching "Debug\KMP.unsuccessfulbuild".
       ClCompile:
         C:\Program Files (x86)\Microsoft Visual Studio 10.0\VC\bin\CL.exe /c /ZI /nologo /W3 /WX- /Od /Oy- /D _MBCS /Gm /EHsc /RTC1 /MDd /GS /fp:precise /Zc:wchar_t /Zc:forScope /Fo"Debug\\" /Fd"Debug\vc100.pdb" /Gd /TP /analyze- /errorReport:prompt main.cpp
         main.cpp
     1>e:\kmp\kmp\main.cpp(10): warning C4018: '<' : signed/unsigned mismatch
     1>e:\kmp\kmp\main.cpp(35): warning C4018: '<' : signed/unsigned mismatch
     1>e:\kmp\kmp\main.cpp(39): warning C4018: '<' : signed/unsigned mismatch
     1>e:\kmp\kmp\main.cpp(39): warning C4018: '<' : signed/unsigned mismatch
       Link:
         C:\Program Files (x86)\Microsoft Visual Studio 10.0\VC\bin\link.exe /ERRORREPORT:PROMPT /OUT:"E:\KMP\Debug\KMP.exe" /NOLOGO kernel32.lib user32.lib gdi32.lib winspool.lib comdlg32.lib advapi32.lib shell32.lib ole32.lib oleaut32.lib uuid.lib odbc32.lib odbccp32.lib /MANIFEST /ManifestFile:"Debug\KMP.exe.intermediate.manifest" /MANIFESTUAC:"level='asInvoker' uiAccess='false'" /DEBUG /PDB:"E:\KMP\Debug\KMP.pdb" /TLBID:1 /DYNAMICBASE /NXCOMPAT /IMPLIB:"E:\KMP\Debug\KMP.lib" /MACHINE:X86 Debug\main.obj
         KMP.vcxproj -> E:\KMP\Debug\KMP.exe
       Manifest:
         C:\Program Files (x86)\Microsoft SDKs\Windows\v7.0A\bin\mt.exe /nologo /verbose /outputresource:"E:\KMP\Debug\KMP.exe;#1" /manifest Debug\KMP.exe.intermediate.manifest
       FinalizeBuildStatus:
         Deleting file "Debug\KMP.unsuccessfulbuild".
         Touching "Debug\KMP.lastbuildstate".
     1>Done Building Project "E:\KMP\KMP\KMP.vcxproj" (build target(s)).

Build succeeded.

Time Elapsed 00:00:03.07
